<?xml version="1.0" encoding="utf-8"?>
<!--This file represents the results of running a test suite-->
<test-results name="C:\Users\boyerp\Dropbox\Github\Autodesk\DynamoNew\Dynamo\bin\AnyCPU\Debug\DynamoTestFramework.dll" total="18" failures="2" not-run="0" date="2013-11-11" time="14:04:38" errors="0" inconclusive="0" ignored="0" skipped="0" invalid="0">
  <test-suite name="DynamoTestFrameworkTests" description="Unit tests in Revit." time="4.3" asserts="29" type="TestFixture" result="Failure" executed="True">
    <results>
      <test-suite name="ReferencePointTests" description="Unit tests in Revit." time="0.187" asserts="4" type="TestFixture" result="Success" executed="True">
        <results>
          <test-case name="ByCoordinates_ValidInput" success="True" time="0.187" executed="True" asserts="4" result="Success" />
        </results>
      </test-suite>
      <test-suite name="FamilyTests" description="Unit tests in Revit." time="0.288" asserts="5" type="TestFixture" result="Success" executed="True">
        <results>
          <test-case name="ByName_ValidInput" success="True" time="0.154" executed="True" asserts="3" result="Success" />
          <test-case name="ByName_NonexistentName" success="True" time="0.094" executed="True" asserts="1" result="Success" />
          <test-case name="ByName_NullInput" success="True" time="0.04" executed="True" asserts="1" result="Success" />
        </results>
      </test-suite>
      <test-suite name="FamilySymbolTests" description="Unit tests in Revit." time="0.316" asserts="5" type="TestFixture" result="Success" executed="True">
        <results>
          <test-case name="ByName_ValidInput" success="True" time="0.152" executed="True" asserts="3" result="Success" />
          <test-case name="ByName_NonexistentName" success="True" time="0.124" executed="True" asserts="1" result="Success" />
          <test-case name="ByName_NullArgument" success="True" time="0.04" executed="True" asserts="1" result="Success" />
        </results>
      </test-suite>
      <test-suite name="AdaptiveComponentTests" description="Unit tests in Revit." time="1.921" asserts="4" type="TestFixture" result="Failure" executed="True">
        <results>
          <test-case name="ByPoints_ValidInput" success="True" time="1.005" executed="True" asserts="1" result="Success" />
          <test-case name="ByPoints_NonMatchingNumberOfPoints" success="True" time="0.424" executed="True" asserts="1" result="Success" />
          <test-case name="ByPoints_NullFamilySymbol" success="False" time="0.255" executed="True" asserts="1" result="Failure">
            <failure>
              <message>  Expected: &lt;System.Exception&gt;
  But was:  &lt;System.ArgumentNullException&gt; (Value cannot be null.)
   at DSRevitNodes.Elements.DSAdaptiveComponent.ByPoints(Point[] pts, DSFamilySymbol fs) in c:\Users\boyerp\Dropbox\Github\Autodesk\DynamoNew\Dynamo\src\DSRevitNodes\Elements\DSAdaptiveComponent.cs:line 259
   at DSRevitNodesTests.AdaptiveComponentTests.&lt;&gt;c__DisplayClass4.&lt;ByPoints_NullFamilySymbol&gt;b__3() in c:\Users\boyerp\Dropbox\Github\Autodesk\DynamoNew\Dynamo\src\DSRevitNodesTests\Elements\AdaptiveComponentTests.cs:line 53
   at NUnit.Framework.Assert.Throws(IResolveConstraint expression, TestDelegate code, String message, Object[] args)
</message>
              <stack-trace>   at NUnit.Framework.Assert.Throws(IResolveConstraint expression, TestDelegate code, String message, Object[] args)
   at NUnit.Framework.Assert.Throws(Type expectedExceptionType, TestDelegate code)
   at DSRevitNodesTests.AdaptiveComponentTests.ByPoints_NullFamilySymbol() in c:\Users\boyerp\Dropbox\Github\Autodesk\DynamoNew\Dynamo\src\DSRevitNodesTests\Elements\AdaptiveComponentTests.cs:line 53</stack-trace>
            </failure>
          </test-case>
          <test-case name="ByPoints_NullPts" success="False" time="0.175" executed="True" asserts="1" result="Failure">
            <failure>
              <message>  Expected: &lt;System.Exception&gt;
  But was:  &lt;System.ArgumentNullException&gt; (Value cannot be null.)
   at DSRevitNodes.Elements.DSAdaptiveComponent.ByPoints(Point[] pts, DSFamilySymbol fs) in c:\Users\boyerp\Dropbox\Github\Autodesk\DynamoNew\Dynamo\src\DSRevitNodes\Elements\DSAdaptiveComponent.cs:line 254
   at DSRevitNodesTests.AdaptiveComponentTests.&lt;&gt;c__DisplayClass7.&lt;ByPoints_NullPts&gt;b__6() in c:\Users\boyerp\Dropbox\Github\Autodesk\DynamoNew\Dynamo\src\DSRevitNodesTests\Elements\AdaptiveComponentTests.cs:line 61
   at NUnit.Framework.Assert.Throws(IResolveConstraint expression, TestDelegate code, String message, Object[] args)
</message>
              <stack-trace>   at NUnit.Framework.Assert.Throws(IResolveConstraint expression, TestDelegate code, String message, Object[] args)
   at NUnit.Framework.Assert.Throws(Type expectedExceptionType, TestDelegate code)
   at DSRevitNodesTests.AdaptiveComponentTests.ByPoints_NullPts() in c:\Users\boyerp\Dropbox\Github\Autodesk\DynamoNew\Dynamo\src\DSRevitNodesTests\Elements\AdaptiveComponentTests.cs:line 61</stack-trace>
            </failure>
          </test-case>
          <test-case name="ByPointsOnFace_ValidInput" success="True" time="0.031" executed="True" asserts="0" result="Success" />
          <test-case name="ByPointsOnCurve_ValidInput" success="True" time="0.031" executed="True" asserts="0" result="Success" />
        </results>
      </test-suite>
      <test-suite name="FamilyInstanceTests" description="Unit tests in Revit." time="1.588" asserts="11" type="TestFixture" result="Success" executed="True">
        <results>
          <test-case name="ByCoordinates_ValidInput" success="True" time="0.494" executed="True" asserts="4" result="Success" />
          <test-case name="ByPoint_ValidInput" success="True" time="0.485" executed="True" asserts="4" result="Success" />
          <test-case name="ByPoint_NullFamilySymbol" success="True" time="0.226" executed="True" asserts="1" result="Success" />
          <test-case name="ByPoint_NullPoint" success="True" time="0.146" executed="True" asserts="1" result="Success" />
          <test-case name="ByPoint_NullFamilySymbol" success="True" time="0.237" executed="True" asserts="1" result="Success" />
        </results>
      </test-suite>
    </results>
  </test-suite>
</test-results>